     1                                  ; Author name: Julian Coronado
     2                                  ; Program title: Arrays
     3                                  ; Files in this program: driver.cpp, control.asm, square.cpp, display.c, compute_mean.asm, run.sh
     4                                  ; Course number: CPSC 240
     5                                  ; Assignment number: 3
     6                                  ; Required delivery date: Mar 7, 2019 before 11:59pm
     7                                  ; Purpose: Learn how arrays work and pass them through different files.
     8                                  ; Language of this module:  X86 with Intel syntax
     9                                  
    10                                  ; ===== BEGIN CODE AREA ====================================================================================================================================================
    11                                  
    12                                  extern printf                                               ; External C++ function for writing to standard output device
    13                                  extern scanf                                                ; External C++ function for reading from the standard input device
    14                                  extern display
    15                                  global control                                              ; This makes "control" callable by functions outside of this file.
    16                                  extern square
    17                                  
    18                                  ; ===== INITIALIZED DATA ===================================================================================================================================================
    19                                  
    20                                  segment .data                                               ; Place initialized data here
    21                                  
    22 00000000 456E74657220616E20-     prompt db "Enter an integer: ", 0
    22 00000009 696E74656765723A20-
    22 00000012 00                 
    23 00000013 5B636F6E74726F6C20-     cntrld db "[control + d]", 10, 0
    23 0000001C 2B20645D0A00       
    24 00000022 2D2D2D0A00              emptyline db "---", 10, 0
    25                                  
    26 00000027 257300                  stringformat db "%s", 0                                     ; General string format
    27 0000002A 256C6400                inputformat db "%ld", 0                                     ; General integer format
    28                                  
    29                                  ; ===== UNINITIALIZED DATA =================================================================================================================================================
    30                                  
    31                                  segment .bss                                                ; Place un-initialized data here.
    32                                  
    33                                  ; array will hold 20 spaces, as default
    34 00000000 <res 000000A0>          arr resq 20
    35                                  
    36                                  ; ===== EXECUTABLE INSTRUCTIONS ============================================================================================================================================
    37                                  
    38                                  segment .text                                               ; Place executable instructions in this segment.
    39                                  
    40                                  control:                                                    ; Entry point. Execution begins here.
    41                                  
    42                                  ; ===== BACK UP REGISTERS ==================================================================================================================================================
    43                                  
    44 00000000 55                      push       rbp                                              ; Save a copy of the stack base pointer
    45 00000001 4889E5                  mov        rbp, rsp                                         ; We do this in order to be 100% compatible with C and C++.
    46 00000004 53                      push       rbx                                              ; Back up rbx
    47 00000005 51                      push       rcx                                              ; Back up rcx
    48 00000006 52                      push       rdx                                              ; Back up rdx
    49 00000007 56                      push       rsi                                              ; Back up rsi
    50 00000008 57                      push       rdi                                              ; Back up rdi
    51 00000009 4150                    push       r8                                               ; Back up r8
    52 0000000B 4151                    push       r9                                               ; Back up r9
    53 0000000D 4152                    push       r10                                              ; Back up r10
    54 0000000F 4153                    push       r11                                              ; Back up r11
    55 00000011 4154                    push       r12                                              ; Back up r12
    56 00000013 4155                    push       r13                                              ; Back up r13
    57 00000015 4156                    push       r14                                              ; Back up r14
    58 00000017 4157                    push       r15                                              ; Back up r15
    59 00000019 9C                      pushf                                                       ; Back up rflags
    60                                  
    61                                  ; ===== END OF BACK UP REGISTERS ===========================================================================================================================================
    62                                  
    63                                  ; r13 register is the counter
    64 0000001A 41BD00000000            mov r13, 0
    65                                  ; r14 register will hold the array address
    66 00000020 49BE-                   mov r14, arr
    66 00000022 [0000000000000000] 
    67                                  
    68                                  loop:
    69                                      ; compares counter to number 20
    70                                      ; if r13 is greater or equal to 20, it'll jump to done
    71                                      ; if not continue below
    72 0000002A 4983FD14                    cmp r13, 20
    73 0000002E 7D43                        jge done
    74                                  
    75                                      ; prints out prompt for user to enter integer
    76 00000030 B800000000                  mov rax, 0
    77 00000035 48BF-                       mov rdi, stringformat
    77 00000037 [2700000000000000] 
    78 0000003F 48BE-                       mov rsi, prompt
    78 00000041 [0000000000000000] 
    79 00000049 E8(00000000)                call printf
    80                                  
    81                                      ; scans in user input and stores it into r14
    82 0000004E B800000000                  mov rax, 0
    83 00000053 48BF-                       mov rdi, inputformat
    83 00000055 [2A00000000000000] 
    84 0000005D 4C89F6                      mov rsi, r14
    85 00000060 E8(00000000)                call scanf
    86                                  
    87                                      ; checks if user has entered cntrl d, if so jump to done
    88 00000065 83F8FF                      cmp eax, -1
    89 00000068 7409                        je done
    90                                  
    91                                      ; increases counter and moves array up an address
    92 0000006A 49FFC5                      inc r13
    93 0000006D 4983C608                    add r14, 8
    94 00000071 EBB7                        jmp loop
    95                                  
    96                                  done:
    97                                  
    98                                      ; prints out [cntrl+d] to indicate user have entered that key combo
    99 00000073 B800000000                  mov rax, 0
   100 00000078 48BF-                       mov rdi, stringformat
   100 0000007A [2700000000000000] 
   101 00000082 48BE-                       mov rsi, cntrld
   101 00000084 [1300000000000000] 
   102 0000008C E8(00000000)                call printf
   103                                  
   104                                      ; moves arr into rdi for function call
   105                                      ; moves r13 (counter / size) into rsi for function call
   106 00000091 48BF-                       mov rdi, arr
   106 00000093 [0000000000000000] 
   107 0000009B 4C89EE                      mov rsi, r13
   108 0000009E E8(00000000)                call display
   109                                  
   110                                      ; function display will put data in rax, this clears it
   111 000000A3 B800000000                  mov rax, 0
   112                                  
   113 000000A8 48BF-                       mov rdi, arr
   113 000000AA [0000000000000000] 
   114 000000B2 4C89EE                      mov rsi, r13
   115 000000B5 E8(00000000)                call square
   116                                  
   117 000000BA 48BF-                       mov rdi, stringformat
   117 000000BC [2700000000000000] 
   118 000000C4 48BE-                       mov rsi, emptyline
   118 000000C6 [2200000000000000] 
   119 000000CE E8(00000000)                call printf
   120                                  
   121 000000D3 48BF-                       mov rdi, arr
   121 000000D5 [0000000000000000] 
   122 000000DD 4C89EE                      mov rsi, r13
   123 000000E0 E8(00000000)                call display
   124                                  
   125                                  ; ===== RESTORES REGISTERS =================================================================================================================================================
   126                                  
   127 000000E5 9D                      popf                                                        ; Restore rflags
   128 000000E6 415F                    pop        r15                                              ; Restore r15
   129 000000E8 415E                    pop        r14                                              ; Restore r14
   130 000000EA 415D                    pop        r13                                              ; Restore r13
   131 000000EC 415C                    pop        r12                                              ; Restore r12
   132 000000EE 415B                    pop        r11                                              ; Restore r11
   133 000000F0 415A                    pop        r10                                              ; Restore r10
   134 000000F2 4159                    pop        r9                                               ; Restore r9
   135 000000F4 4158                    pop        r8                                               ; Restore r8
   136 000000F6 5F                      pop        rdi                                              ; Restore rdi
   137 000000F7 5E                      pop        rsi                                              ; Restore rsi
   138 000000F8 5A                      pop        rdx                                              ; Restore rdx
   139 000000F9 59                      pop        rcx                                              ; Restore rcx
   140 000000FA 5B                      pop        rbx                                              ; Restore rbx
   141 000000FB 5D                      pop        rbp                                              ; Restore rbp
   142                                  
   143 000000FC C3                      ret                                                         ; No parameter with this instruction.  This instruction will pop 8 bytes from
   144                                                                                              ; the integer stack, and jump to the address found on the stack.
   145                                  ; ===== END OF PROGRAM ====================================================================================================================================================
